<?xml version="1.0" encoding="UTF-8"?>
<!-- Generated by org.testng.reporters.JUnitReportReporter -->
<testsuite hostname="Bingi-PC" failures="0" tests="1" name="StringPrograms.ReverseTheWordInAString" time="0.020" errors="0" timestamp="2024-05-06T18:24:31 IST" skipped="0">
  <testcase classname="StringPrograms.ReverseTheWordInAString" name="Reverse1" time="0.020"/>
</testsuite> <!-- StringPrograms.ReverseTheWordInAString -->
