<?xml version="1.0" encoding="UTF-8"?>
<!-- Generated by org.testng.reporters.JUnitReportReporter -->
<testsuite hostname="Bingi-PC" failures="0" tests="1" name="NumberSeries.PrimeNumber" time="0.020" errors="0" timestamp="2024-03-29T17:01:04 IST" skipped="0">
  <testcase classname="NumberSeries.PrimeNumber" name="Check7isPrimeNoorNot" time="0.020"/>
</testsuite> <!-- NumberSeries.PrimeNumber -->
