<?xml version="1.0" encoding="UTF-8"?>
<!-- Generated by org.testng.reporters.JUnitReportReporter -->
<testsuite hostname="Bingi-PC" failures="0" tests="1" name="StringPrograms.StringDifferentOutput" time="0.043" errors="0" timestamp="2024-05-07T16:18:15 IST" skipped="0">
  <testcase classname="StringPrograms.StringDifferentOutput" name="StringOutput1" time="0.043"/>
</testsuite> <!-- StringPrograms.StringDifferentOutput -->
