<?xml version="1.0" encoding="UTF-8"?>
<!-- Generated by org.testng.reporters.JUnitReportReporter -->
<testsuite hostname="Bingi-PC" failures="0" tests="1" name="StringPrograms.ReverseAString" time="0.038" errors="0" timestamp="2024-03-28T22:26:05 IST" skipped="0">
  <testcase classname="StringPrograms.ReverseAString" name="method1" time="0.038"/>
</testsuite> <!-- StringPrograms.ReverseAString -->
