<?xml version="1.0" encoding="UTF-8"?>
<!-- Generated by org.testng.reporters.JUnitReportReporter -->
<testsuite hostname="Bingi-PC" failures="0" tests="1" name="StringPrograms.StringDifferentPrints" time="0.024" errors="0" timestamp="2024-05-08T13:20:39 IST" skipped="0">
  <testcase classname="StringPrograms.StringDifferentPrints" name="pattern3" time="0.024"/>
</testsuite> <!-- StringPrograms.StringDifferentPrints -->
