<?xml version="1.0" encoding="UTF-8"?>
<!-- Generated by org.testng.reporters.JUnitReportReporter -->
<testsuite hostname="Bingi-PC" failures="0" tests="1" name="StringPrograms.OccuranceOfWordsWithOrWithoutMap" time="0.018" errors="0" timestamp="2024-05-06T12:16:24 IST" skipped="0">
  <testcase classname="StringPrograms.OccuranceOfWordsWithOrWithoutMap" name="removeduplicateusingmap" time="0.018"/>
</testsuite> <!-- StringPrograms.OccuranceOfWordsWithOrWithoutMap -->
